<?xml version="1.0" encoding="UTF-8"?>
<!-- Generated by org.testng.reporters.JUnitReportReporter -->
<testsuite hostname="LAPTOP-F7K33RPC" failures="0" tests="1" name="SauceLabsMain.SauceLabs_Demo" time="66.433" errors="0" timestamp="2021-08-18T22:21:54 IST" skipped="0">
  <testcase classname="SauceLabsMain.SauceLabs_Demo" name="SauceLabs" time="66.433"/>
  <system-out/>
</testsuite> <!-- SauceLabsMain.SauceLabs_Demo -->
